# JRE version: Java(TM) SE Runtime Environment (8.0_191-b12) (build 1.8.0_191-b12)
# Java VM: Java HotSpot(TM) 64-Bit Server VM (25.191-b12 mixed mode linux-amd64 compressed oops)
Heap:
 PSYoungGen      total 138240K, used 6489K [0x00000000d7200000, 0x00000000e0400000, 0x0000000100000000)
  eden space 126976K, 0% used [0x00000000d7200000,0x00000000d7200000,0x00000000dee00000)
  from space 11264K, 57% used [0x00000000dee00000,0x00000000df456608,0x00000000df900000)
  to   space 10752K, 0% used [0x00000000df980000,0x00000000df980000,0x00000000e0400000)
 ParOldGen       total 48640K, used 5616K [0x0000000085600000, 0x0000000088580000, 0x00000000d7200000)
  object space 48640K, 11% used [0x0000000085600000,0x0000000085b7c198,0x0000000088580000)
 Metaspace       used 24656K, capacity 25608K, committed 25856K, reserved 1071104K
  class space    used 3304K, capacity 3550K, committed 3584K, reserved 1048576K
GC Heap History (10 events):
Event: 1,104 GC heap after
Heap after GC invocations=3 (full 0):
 PSYoungGen      total 36864K, used 5115K [0x00000000d7200000, 0x00000000dba00000, 0x0000000100000000)
  eden space 31744K, 0% used [0x00000000d7200000,0x00000000d7200000,0x00000000d9100000)
  from space 5120K, 99% used [0x00000000d9100000,0x00000000d95fef80,0x00000000d9600000)
  to   space 5120K, 0% used [0x00000000db500000,0x00000000db500000,0x00000000dba00000)
 ParOldGen       total 84992K, used 2119K [0x0000000085600000, 0x000000008a900000, 0x00000000d7200000)
  object space 84992K, 2% used [0x0000000085600000,0x0000000085811df8,0x000000008a900000)
 Metaspace       used 12550K, capacity 12848K, committed 13184K, reserved 1060864K
  class space    used 1517K, capacity 1621K, committed 1664K, reserved 1048576K
}
Event: 1,246 GC heap before
{Heap before GC invocations=4 (full 0):
 PSYoungGen      total 36864K, used 36859K [0x00000000d7200000, 0x00000000dba00000, 0x0000000100000000)
  eden space 31744K, 100% used [0x00000000d7200000,0x00000000d9100000,0x00000000d9100000)
  from space 5120K, 99% used [0x00000000d9100000,0x00000000d95fef80,0x00000000d9600000)
  to   space 5120K, 0% used [0x00000000db500000,0x00000000db500000,0x00000000dba00000)
 ParOldGen       total 84992K, used 2119K [0x0000000085600000, 0x000000008a900000, 0x00000000d7200000)
  object space 84992K, 2% used [0x0000000085600000,0x0000000085811df8,0x000000008a900000)
 Metaspace       used 14990K, capacity 15480K, committed 15744K, reserved 1062912K
  class space    used 1973K, capacity 2105K, committed 2176K, reserved 1048576K
Event: 1,251 GC heap after
Heap after GC invocations=4 (full 0):
 PSYoungGen      total 68608K, used 5089K [0x00000000d7200000, 0x00000000dba00000, 0x0000000100000000)
  eden space 63488K, 0% used [0x00000000d7200000,0x00000000d7200000,0x00000000db000000)
  from space 5120K, 99% used [0x00000000db500000,0x00000000db9f87c8,0x00000000dba00000)
  to   space 5120K, 0% used [0x00000000db000000,0x00000000db000000,0x00000000db500000)
 ParOldGen       total 84992K, used 3544K [0x0000000085600000, 0x000000008a900000, 0x00000000d7200000)
  object space 84992K, 4% used [0x0000000085600000,0x0000000085976148,0x000000008a900000)
 Metaspace       used 14990K, capacity 15480K, committed 15744K, reserved 1062912K
  class space    used 1973K, capacity 2105K, committed 2176K, reserved 1048576K
}
Event: 1,485 GC heap before
{Heap before GC invocations=5 (full 0):
 PSYoungGen      total 68608K, used 68577K [0x00000000d7200000, 0x00000000dba00000, 0x0000000100000000)
  eden space 63488K, 100% used [0x00000000d7200000,0x00000000db000000,0x00000000db000000)
  from space 5120K, 99% used [0x00000000db500000,0x00000000db9f87c8,0x00000000dba00000)
  to   space 5120K, 0% used [0x00000000db000000,0x00000000db000000,0x00000000db500000)
 ParOldGen       total 84992K, used 3544K [0x0000000085600000, 0x000000008a900000, 0x00000000d7200000)
  object space 84992K, 4% used [0x0000000085600000,0x0000000085976148,0x000000008a900000)
 Metaspace       used 20322K, capacity 20930K, committed 21120K, reserved 1067008K
  class space    used 2708K, capacity 2894K, committed 2944K, reserved 1048576K
Event: 1,503 GC heap after
Heap after GC invocations=5 (full 0):
 PSYoungGen      total 68608K, used 5089K [0x00000000d7200000, 0x00000000e0500000, 0x0000000100000000)
  eden space 63488K, 0% used [0x00000000d7200000,0x00000000d7200000,0x00000000db000000)
  from space 5120K, 99% used [0x00000000db000000,0x00000000db4f87c8,0x00000000db500000)
  to   space 11776K, 0% used [0x00000000df980000,0x00000000df980000,0x00000000e0500000)
 ParOldGen       total 84992K, used 9664K [0x0000000085600000, 0x000000008a900000, 0x00000000d7200000)
  object space 84992K, 11% used [0x0000000085600000,0x0000000085f701c0,0x000000008a900000)
 Metaspace       used 20322K, capacity 20930K, committed 21120K, reserved 1067008K
  class space    used 2708K, capacity 2894K, committed 2944K, reserved 1048576K
}
Event: 1,532 GC heap before
{Heap before GC invocations=6 (full 0):
 PSYoungGen      total 68608K, used 12698K [0x00000000d7200000, 0x00000000e0500000, 0x0000000100000000)
  eden space 63488K, 11% used [0x00000000d7200000,0x00000000d796e318,0x00000000db000000)
  from space 5120K, 99% used [0x00000000db000000,0x00000000db4f87c8,0x00000000db500000)
  to   space 11776K, 0% used [0x00000000df980000,0x00000000df980000,0x00000000e0500000)
 ParOldGen       total 84992K, used 9664K [0x0000000085600000, 0x000000008a900000, 0x00000000d7200000)
  object space 84992K, 11% used [0x0000000085600000,0x0000000085f701c0,0x000000008a900000)
 Metaspace       used 20665K, capacity 21292K, committed 21296K, reserved 1067008K
  class space    used 2755K, capacity 2941K, committed 2944K, reserved 1048576K
Event: 1,539 GC heap after
Heap after GC invocations=6 (full 0):
 PSYoungGen      total 137728K, used 5600K [0x00000000d7200000, 0x00000000e0400000, 0x0000000100000000)
  eden space 126976K, 0% used [0x00000000d7200000,0x00000000d7200000,0x00000000dee00000)
  from space 10752K, 52% used [0x00000000df980000,0x00000000dfef80e8,0x00000000e0400000)
  to   space 11264K, 0% used [0x00000000dee00000,0x00000000dee00000,0x00000000df900000)
 ParOldGen       total 84992K, used 9672K [0x0000000085600000, 0x000000008a900000, 0x00000000d7200000)
  object space 84992K, 11% used [0x0000000085600000,0x0000000085f721c0,0x000000008a900000)
 Metaspace       used 20665K, capacity 21292K, committed 21296K, reserved 1067008K
  class space    used 2755K, capacity 2941K, committed 2944K, reserved 1048576K
}
Event: 1,539 GC heap before
{Heap before GC invocations=7 (full 1):
 PSYoungGen      total 137728K, used 5600K [0x00000000d7200000, 0x00000000e0400000, 0x0000000100000000)
  eden space 126976K, 0% used [0x00000000d7200000,0x00000000d7200000,0x00000000dee00000)
  from space 10752K, 52% used [0x00000000df980000,0x00000000dfef80e8,0x00000000e0400000)
  to   space 11264K, 0% used [0x00000000dee00000,0x00000000dee00000,0x00000000df900000)
 ParOldGen       total 84992K, used 9672K [0x0000000085600000, 0x000000008a900000, 0x00000000d7200000)
  object space 84992K, 11% used [0x0000000085600000,0x0000000085f721c0,0x000000008a900000)
 Metaspace       used 20665K, capacity 21292K, committed 21296K, reserved 1067008K
  class space    used 2755K, capacity 2941K, committed 2944K, reserved 1048576K
Event: 1,571 GC heap after
Heap after GC invocations=7 (full 1):
 PSYoungGen      total 137728K, used 0K [0x00000000d7200000, 0x00000000e0400000, 0x0000000100000000)
  eden space 126976K, 0% used [0x00000000d7200000,0x00000000d7200000,0x00000000dee00000)
  from space 10752K, 0% used [0x00000000df980000,0x00000000df980000,0x00000000e0400000)
  to   space 11264K, 0% used [0x00000000dee00000,0x00000000dee00000,0x00000000df900000)
 ParOldGen       total 48640K, used 5544K [0x0000000085600000, 0x0000000088580000, 0x00000000d7200000)
  object space 48640K, 11% used [0x0000000085600000,0x0000000085b6a188,0x0000000088580000)
 Metaspace       used 20663K, capacity 21286K, committed 21296K, reserved 1067008K
  class space    used 2754K, capacity 2940K, committed 2944K, reserved 1048576K
}
Event: 4,896 GC heap before
{Heap before GC invocations=8 (full 1):
 PSYoungGen      total 137728K, used 126976K [0x00000000d7200000, 0x00000000e0400000, 0x0000000100000000)
  eden space 126976K, 100% used [0x00000000d7200000,0x00000000dee00000,0x00000000dee00000)
  from space 10752K, 0% used [0x00000000df980000,0x00000000df980000,0x00000000e0400000)
  to   space 11264K, 0% used [0x00000000dee00000,0x00000000dee00000,0x00000000df900000)
 ParOldGen       total 48640K, used 5544K [0x0000000085600000, 0x0000000088580000, 0x00000000d7200000)
  object space 48640K, 11% used [0x0000000085600000,0x0000000085b6a188,0x0000000088580000)
 Metaspace       used 24656K, capacity 25608K, committed 25856K, reserved 1071104K
  class space    used 3304K, capacity 3550K, committed 3584K, reserved 1048576K

