# JRE version: Java(TM) SE Runtime Environment (8.0_191-b12) (build 1.8.0_191-b12)
# Java VM: Java HotSpot(TM) 64-Bit Server VM (25.191-b12 mixed mode linux-amd64 compressed oops)
Heap:
 PSYoungGen      total 256512K, used 12256K [0x00000000d7200000, 0x00000000e7880000, 0x0000000100000000)
  eden space 244224K, 0% used [0x00000000d7200000,0x00000000d7200000,0x00000000e6080000)
  from space 12288K, 99% used [0x00000000e6080000,0x00000000e6c78338,0x00000000e6c80000)
  to   space 10752K, 0% used [0x00000000e6d00000,0x00000000e6d00000,0x00000000e7780000)
 ParOldGen       total 45568K, used 10890K [0x0000000085600000, 0x0000000088280000, 0x00000000d7200000)
  object space 45568K, 23% used [0x0000000085600000,0x00000000860a2860,0x0000000088280000)
 Metaspace       used 33569K, capacity 35301K, committed 35456K, reserved 1079296K
  class space    used 4502K, capacity 4865K, committed 4992K, reserved 1048576K
GC Heap History (10 events):
Event: 8,336 GC heap after
Heap after GC invocations=5 (full 0):
 PSYoungGen      total 68608K, used 5089K [0x00000000d7200000, 0x00000000e0600000, 0x0000000100000000)
  eden space 63488K, 0% used [0x00000000d7200000,0x00000000d7200000,0x00000000db000000)
  from space 5120K, 99% used [0x00000000db000000,0x00000000db4f87e8,0x00000000db500000)
  to   space 12288K, 0% used [0x00000000dfa00000,0x00000000dfa00000,0x00000000e0600000)
 ParOldGen       total 84992K, used 10365K [0x0000000085600000, 0x000000008a900000, 0x00000000d7200000)
  object space 84992K, 12% used [0x0000000085600000,0x000000008601f5d8,0x000000008a900000)
 Metaspace       used 19938K, capacity 20586K, committed 20736K, reserved 1067008K
  class space    used 2633K, capacity 2810K, committed 2816K, reserved 1048576K
}
Event: 8,436 GC heap before
{Heap before GC invocations=6 (full 0):
 PSYoungGen      total 68608K, used 13435K [0x00000000d7200000, 0x00000000e0600000, 0x0000000100000000)
  eden space 63488K, 13% used [0x00000000d7200000,0x00000000d7a267e8,0x00000000db000000)
  from space 5120K, 99% used [0x00000000db000000,0x00000000db4f87e8,0x00000000db500000)
  to   space 12288K, 0% used [0x00000000dfa00000,0x00000000dfa00000,0x00000000e0600000)
 ParOldGen       total 84992K, used 10365K [0x0000000085600000, 0x000000008a900000, 0x00000000d7200000)
  object space 84992K, 12% used [0x0000000085600000,0x000000008601f5d8,0x000000008a900000)
 Metaspace       used 20541K, capacity 21255K, committed 21296K, reserved 1067008K
  class space    used 2725K, capacity 2944K, committed 2944K, reserved 1048576K
Event: 8,462 GC heap after
Heap after GC invocations=6 (full 0):
 PSYoungGen      total 138240K, used 5850K [0x00000000d7200000, 0x00000000e0500000, 0x0000000100000000)
  eden space 126976K, 0% used [0x00000000d7200000,0x00000000d7200000,0x00000000dee00000)
  from space 11264K, 51% used [0x00000000dfa00000,0x00000000dffb6a08,0x00000000e0500000)
  to   space 11776K, 0% used [0x00000000dee00000,0x00000000dee00000,0x00000000df980000)
 ParOldGen       total 84992K, used 10373K [0x0000000085600000, 0x000000008a900000, 0x00000000d7200000)
  object space 84992K, 12% used [0x0000000085600000,0x00000000860215d8,0x000000008a900000)
 Metaspace       used 20541K, capacity 21255K, committed 21296K, reserved 1067008K
  class space    used 2725K, capacity 2944K, committed 2944K, reserved 1048576K
}
Event: 8,462 GC heap before
{Heap before GC invocations=7 (full 1):
 PSYoungGen      total 138240K, used 5850K [0x00000000d7200000, 0x00000000e0500000, 0x0000000100000000)
  eden space 126976K, 0% used [0x00000000d7200000,0x00000000d7200000,0x00000000dee00000)
  from space 11264K, 51% used [0x00000000dfa00000,0x00000000dffb6a08,0x00000000e0500000)
  to   space 11776K, 0% used [0x00000000dee00000,0x00000000dee00000,0x00000000df980000)
 ParOldGen       total 84992K, used 10373K [0x0000000085600000, 0x000000008a900000, 0x00000000d7200000)
  object space 84992K, 12% used [0x0000000085600000,0x00000000860215d8,0x000000008a900000)
 Metaspace       used 20541K, capacity 21255K, committed 21296K, reserved 1067008K
  class space    used 2725K, capacity 2944K, committed 2944K, reserved 1048576K
Event: 8,518 GC heap after
Heap after GC invocations=7 (full 1):
 PSYoungGen      total 138240K, used 0K [0x00000000d7200000, 0x00000000e0500000, 0x0000000100000000)
  eden space 126976K, 0% used [0x00000000d7200000,0x00000000d7200000,0x00000000dee00000)
  from space 11264K, 0% used [0x00000000dfa00000,0x00000000dfa00000,0x00000000e0500000)
  to   space 11776K, 0% used [0x00000000dee00000,0x00000000dee00000,0x00000000df980000)
 ParOldGen       total 45568K, used 5868K [0x0000000085600000, 0x0000000088280000, 0x00000000d7200000)
  object space 45568K, 12% used [0x0000000085600000,0x0000000085bbb0f8,0x0000000088280000)
 Metaspace       used 20539K, capacity 21249K, committed 21296K, reserved 1067008K
  class space    used 2724K, capacity 2943K, committed 2944K, reserved 1048576K
}
Event: 12,606 GC heap before
{Heap before GC invocations=8 (full 1):
 PSYoungGen      total 138240K, used 126976K [0x00000000d7200000, 0x00000000e0500000, 0x0000000100000000)
  eden space 126976K, 100% used [0x00000000d7200000,0x00000000dee00000,0x00000000dee00000)
  from space 11264K, 0% used [0x00000000dfa00000,0x00000000dfa00000,0x00000000e0500000)
  to   space 11776K, 0% used [0x00000000dee00000,0x00000000dee00000,0x00000000df980000)
 ParOldGen       total 45568K, used 5868K [0x0000000085600000, 0x0000000088280000, 0x00000000d7200000)
  object space 45568K, 12% used [0x0000000085600000,0x0000000085bbb0f8,0x0000000088280000)
 Metaspace       used 24701K, capacity 25677K, committed 25856K, reserved 1071104K
  class space    used 3302K, capacity 3525K, committed 3584K, reserved 1048576K
Event: 12,620 GC heap after
Heap after GC invocations=8 (full 1):
 PSYoungGen      total 138752K, used 6535K [0x00000000d7200000, 0x00000000e7780000, 0x0000000100000000)
  eden space 126976K, 0% used [0x00000000d7200000,0x00000000d7200000,0x00000000dee00000)
  from space 11776K, 55% used [0x00000000dee00000,0x00000000df461fe0,0x00000000df980000)
  to   space 10752K, 0% used [0x00000000e6d00000,0x00000000e6d00000,0x00000000e7780000)
 ParOldGen       total 45568K, used 5940K [0x0000000085600000, 0x0000000088280000, 0x00000000d7200000)
  object space 45568K, 13% used [0x0000000085600000,0x0000000085bcd108,0x0000000088280000)
 Metaspace       used 24701K, capacity 25677K, committed 25856K, reserved 1071104K
  class space    used 3302K, capacity 3525K, committed 3584K, reserved 1048576K
}
Event: 14,517 GC heap before
{Heap before GC invocations=9 (full 1):
 PSYoungGen      total 138752K, used 133511K [0x00000000d7200000, 0x00000000e7780000, 0x0000000100000000)
  eden space 126976K, 100% used [0x00000000d7200000,0x00000000dee00000,0x00000000dee00000)
  from space 11776K, 55% used [0x00000000dee00000,0x00000000df461fe0,0x00000000df980000)
  to   space 10752K, 0% used [0x00000000e6d00000,0x00000000e6d00000,0x00000000e7780000)
 ParOldGen       total 45568K, used 5940K [0x0000000085600000, 0x0000000088280000, 0x00000000d7200000)
  object space 45568K, 13% used [0x0000000085600000,0x0000000085bcd108,0x0000000088280000)
 Metaspace       used 28620K, capacity 29971K, committed 30080K, reserved 1075200K
  class space    used 3882K, capacity 4184K, committed 4224K, reserved 1048576K
Event: 14,542 GC heap after
Heap after GC invocations=9 (full 1):
 PSYoungGen      total 254976K, used 10750K [0x00000000d7200000, 0x00000000e7880000, 0x0000000100000000)
  eden space 244224K, 0% used [0x00000000d7200000,0x00000000d7200000,0x00000000e6080000)
  from space 10752K, 99% used [0x00000000e6d00000,0x00000000e777fa40,0x00000000e7780000)
  to   space 12288K, 0% used [0x00000000e6080000,0x00000000e6080000,0x00000000e6c80000)
 ParOldGen       total 45568K, used 6409K [0x0000000085600000, 0x0000000088280000, 0x00000000d7200000)
  object space 45568K, 14% used [0x0000000085600000,0x0000000085c425f0,0x0000000088280000)
 Metaspace       used 28620K, capacity 29971K, committed 30080K, reserved 1075200K
  class space    used 3882K, capacity 4184K, committed 4224K, reserved 1048576K
}
Event: 16,488 GC heap before
{Heap before GC invocations=10 (full 1):
 PSYoungGen      total 254976K, used 195449K [0x00000000d7200000, 0x00000000e7880000, 0x0000000100000000)
  eden space 244224K, 75% used [0x00000000d7200000,0x00000000e265ea48,0x00000000e6080000)
  from space 10752K, 99% used [0x00000000e6d00000,0x00000000e777fa40,0x00000000e7780000)
  to   space 12288K, 0% used [0x00000000e6080000,0x00000000e6080000,0x00000000e6c80000)
 ParOldGen       total 45568K, used 6409K [0x0000000085600000, 0x0000000088280000, 0x00000000d7200000)
  object space 45568K, 14% used [0x0000000085600000,0x0000000085c425f0,0x0000000088280000)
 Metaspace       used 33569K, capacity 35301K, committed 35456K, reserved 1079296K
  class space    used 4502K, capacity 4865K, committed 4992K, reserved 1048576K

