# JRE version: Java(TM) SE Runtime Environment (8.0_191-b12) (build 1.8.0_191-b12)
# Java VM: Java HotSpot(TM) 64-Bit Server VM (25.191-b12 mixed mode linux-amd64 compressed oops)
Heap:
 PSYoungGen      total 259072K, used 12792K [0x00000000d7200000, 0x00000000e7b80000, 0x0000000100000000)
  eden space 246272K, 0% used [0x00000000d7200000,0x00000000d7200000,0x00000000e6280000)
  from space 12800K, 99% used [0x00000000e6280000,0x00000000e6efe318,0x00000000e6f00000)
  to   space 10752K, 0% used [0x00000000e6f00000,0x00000000e6f00000,0x00000000e7980000)
 ParOldGen       total 44544K, used 10249K [0x0000000085600000, 0x0000000088180000, 0x00000000d7200000)
  object space 44544K, 23% used [0x0000000085600000,0x0000000086002438,0x0000000088180000)
 Metaspace       used 33747K, capacity 35486K, committed 35496K, reserved 1079296K
  class space    used 4505K, capacity 4863K, committed 4864K, reserved 1048576K
GC Heap History (10 events):
Event: 14,850 GC heap after
Heap after GC invocations=5 (full 0):
 PSYoungGen      total 68608K, used 5112K [0x00000000d7200000, 0x00000000e0600000, 0x0000000100000000)
  eden space 63488K, 0% used [0x00000000d7200000,0x00000000d7200000,0x00000000db000000)
  from space 5120K, 99% used [0x00000000db000000,0x00000000db4fe160,0x00000000db500000)
  to   space 12288K, 0% used [0x00000000dfa00000,0x00000000dfa00000,0x00000000e0600000)
 ParOldGen       total 84992K, used 10173K [0x0000000085600000, 0x000000008a900000, 0x00000000d7200000)
  object space 84992K, 11% used [0x0000000085600000,0x0000000085fef418,0x000000008a900000)
 Metaspace       used 20339K, capacity 20950K, committed 21120K, reserved 1067008K
  class space    used 2696K, capacity 2858K, committed 2944K, reserved 1048576K
}
Event: 14,960 GC heap before
{Heap before GC invocations=6 (full 0):
 PSYoungGen      total 68608K, used 12030K [0x00000000d7200000, 0x00000000e0600000, 0x0000000100000000)
  eden space 63488K, 10% used [0x00000000d7200000,0x00000000d78c1768,0x00000000db000000)
  from space 5120K, 99% used [0x00000000db000000,0x00000000db4fe160,0x00000000db500000)
  to   space 12288K, 0% used [0x00000000dfa00000,0x00000000dfa00000,0x00000000e0600000)
 ParOldGen       total 84992K, used 10173K [0x0000000085600000, 0x000000008a900000, 0x00000000d7200000)
  object space 84992K, 11% used [0x0000000085600000,0x0000000085fef418,0x000000008a900000)
 Metaspace       used 20595K, capacity 21250K, committed 21296K, reserved 1067008K
  class space    used 2735K, capacity 2932K, committed 2944K, reserved 1048576K
Event: 14,973 GC heap after
Heap after GC invocations=6 (full 0):
 PSYoungGen      total 138240K, used 5538K [0x00000000d7200000, 0x00000000e0500000, 0x0000000100000000)
  eden space 126976K, 0% used [0x00000000d7200000,0x00000000d7200000,0x00000000dee00000)
  from space 11264K, 49% used [0x00000000dfa00000,0x00000000dff68be8,0x00000000e0500000)
  to   space 11776K, 0% used [0x00000000dee00000,0x00000000dee00000,0x00000000df980000)
 ParOldGen       total 84992K, used 10181K [0x0000000085600000, 0x000000008a900000, 0x00000000d7200000)
  object space 84992K, 11% used [0x0000000085600000,0x0000000085ff1418,0x000000008a900000)
 Metaspace       used 20595K, capacity 21250K, committed 21296K, reserved 1067008K
  class space    used 2735K, capacity 2932K, committed 2944K, reserved 1048576K
}
Event: 14,973 GC heap before
{Heap before GC invocations=7 (full 1):
 PSYoungGen      total 138240K, used 5538K [0x00000000d7200000, 0x00000000e0500000, 0x0000000100000000)
  eden space 126976K, 0% used [0x00000000d7200000,0x00000000d7200000,0x00000000dee00000)
  from space 11264K, 49% used [0x00000000dfa00000,0x00000000dff68be8,0x00000000e0500000)
  to   space 11776K, 0% used [0x00000000dee00000,0x00000000dee00000,0x00000000df980000)
 ParOldGen       total 84992K, used 10181K [0x0000000085600000, 0x000000008a900000, 0x00000000d7200000)
  object space 84992K, 11% used [0x0000000085600000,0x0000000085ff1418,0x000000008a900000)
 Metaspace       used 20595K, capacity 21250K, committed 21296K, reserved 1067008K
  class space    used 2735K, capacity 2932K, committed 2944K, reserved 1048576K
Event: 15,027 GC heap after
Heap after GC invocations=7 (full 1):
 PSYoungGen      total 138240K, used 0K [0x00000000d7200000, 0x00000000e0500000, 0x0000000100000000)
  eden space 126976K, 0% used [0x00000000d7200000,0x00000000d7200000,0x00000000dee00000)
  from space 11264K, 0% used [0x00000000dfa00000,0x00000000dfa00000,0x00000000e0500000)
  to   space 11776K, 0% used [0x00000000dee00000,0x00000000dee00000,0x00000000df980000)
 ParOldGen       total 44544K, used 5562K [0x0000000085600000, 0x0000000088180000, 0x00000000d7200000)
  object space 44544K, 12% used [0x0000000085600000,0x0000000085b6eb50,0x0000000088180000)
 Metaspace       used 20593K, capacity 21244K, committed 21296K, reserved 1067008K
  class space    used 2735K, capacity 2931K, committed 2944K, reserved 1048576K
}
Event: 26,545 GC heap before
{Heap before GC invocations=8 (full 1):
 PSYoungGen      total 138240K, used 126976K [0x00000000d7200000, 0x00000000e0500000, 0x0000000100000000)
  eden space 126976K, 100% used [0x00000000d7200000,0x00000000dee00000,0x00000000dee00000)
  from space 11264K, 0% used [0x00000000dfa00000,0x00000000dfa00000,0x00000000e0500000)
  to   space 11776K, 0% used [0x00000000dee00000,0x00000000dee00000,0x00000000df980000)
 ParOldGen       total 44544K, used 5562K [0x0000000085600000, 0x0000000088180000, 0x00000000d7200000)
  object space 44544K, 12% used [0x0000000085600000,0x0000000085b6eb50,0x0000000088180000)
 Metaspace       used 24770K, capacity 25766K, committed 25856K, reserved 1071104K
  class space    used 3312K, capacity 3555K, committed 3584K, reserved 1048576K
Event: 26,719 GC heap after
Heap after GC invocations=8 (full 1):
 PSYoungGen      total 138752K, used 6548K [0x00000000d7200000, 0x00000000e7980000, 0x0000000100000000)
  eden space 126976K, 0% used [0x00000000d7200000,0x00000000d7200000,0x00000000dee00000)
  from space 11776K, 55% used [0x00000000dee00000,0x00000000df465108,0x00000000df980000)
  to   space 10752K, 0% used [0x00000000e6f00000,0x00000000e6f00000,0x00000000e7980000)
 ParOldGen       total 44544K, used 5634K [0x0000000085600000, 0x0000000088180000, 0x00000000d7200000)
  object space 44544K, 12% used [0x0000000085600000,0x0000000085b80b60,0x0000000088180000)
 Metaspace       used 24770K, capacity 25766K, committed 25856K, reserved 1071104K
  class space    used 3312K, capacity 3555K, committed 3584K, reserved 1048576K
}
Event: 35,621 GC heap before
{Heap before GC invocations=9 (full 1):
 PSYoungGen      total 138752K, used 133524K [0x00000000d7200000, 0x00000000e7980000, 0x0000000100000000)
  eden space 126976K, 100% used [0x00000000d7200000,0x00000000dee00000,0x00000000dee00000)
  from space 11776K, 55% used [0x00000000dee00000,0x00000000df465108,0x00000000df980000)
  to   space 10752K, 0% used [0x00000000e6f00000,0x00000000e6f00000,0x00000000e7980000)
 ParOldGen       total 44544K, used 5634K [0x0000000085600000, 0x0000000088180000, 0x00000000d7200000)
  object space 44544K, 12% used [0x0000000085600000,0x0000000085b80b60,0x0000000088180000)
 Metaspace       used 28817K, capacity 30194K, committed 30336K, reserved 1075200K
  class space    used 3914K, capacity 4215K, committed 4224K, reserved 1048576K
Event: 35,663 GC heap after
Heap after GC invocations=9 (full 1):
 PSYoungGen      total 257024K, used 10724K [0x00000000d7200000, 0x00000000e7b80000, 0x0000000100000000)
  eden space 246272K, 0% used [0x00000000d7200000,0x00000000d7200000,0x00000000e6280000)
  from space 10752K, 99% used [0x00000000e6f00000,0x00000000e79792d0,0x00000000e7980000)
  to   space 12800K, 0% used [0x00000000e6280000,0x00000000e6280000,0x00000000e6f00000)
 ParOldGen       total 44544K, used 6385K [0x0000000085600000, 0x0000000088180000, 0x00000000d7200000)
  object space 44544K, 14% used [0x0000000085600000,0x0000000085c3c408,0x0000000088180000)
 Metaspace       used 28817K, capacity 30194K, committed 30336K, reserved 1075200K
  class space    used 3914K, capacity 4215K, committed 4224K, reserved 1048576K
}
Event: 43,975 GC heap before
{Heap before GC invocations=10 (full 1):
 PSYoungGen      total 257024K, used 192105K [0x00000000d7200000, 0x00000000e7b80000, 0x0000000100000000)
  eden space 246272K, 73% used [0x00000000d7200000,0x00000000e23212e8,0x00000000e6280000)
  from space 10752K, 99% used [0x00000000e6f00000,0x00000000e79792d0,0x00000000e7980000)
  to   space 12800K, 0% used [0x00000000e6280000,0x00000000e6280000,0x00000000e6f00000)
 ParOldGen       total 44544K, used 6385K [0x0000000085600000, 0x0000000088180000, 0x00000000d7200000)
  object space 44544K, 14% used [0x0000000085600000,0x0000000085c3c408,0x0000000088180000)
 Metaspace       used 33747K, capacity 35486K, committed 35496K, reserved 1079296K
  class space    used 4505K, capacity 4863K, committed 4864K, reserved 1048576K

